<?xml version="1.0" encoding="UTF-8"?>
<testsuite xmlns:xsi="http://www.w3.org/2001/XMLSchema-instance" xsi:noNamespaceSchemaLocation="https://maven.apache.org/surefire/maven-surefire-plugin/xsd/surefire-test-report-3.0.xsd" version="3.0" name="com.feria.modelos.ProductoTest" time="0.089" tests="10" errors="0" skipped="0" failures="0">
  <properties>
[...]
</properties>
  <testcase name="restarStock_cantidadCero_noModificaStock" classname="com.feria.modelos.ProductoTest" time="0.033"/>
  <testcase name="restarStock_cantidadExacta_dejaCero" classname="com.feria.modelos.ProductoTest" time="0.001"/>
  <testcase name="hayStockBajo_stockMayorA5_retornaFalse" classname="com.feria.modelos.ProductoTest" time="0.003"/>
  <testcase name="hayStockBajo_stockMenorA5_retornaTrue" classname="com.feria.modelos.ProductoTest" time="0.002"/>
  <testcase name="hayStockBajo_stockCero_retornaTrue" classname="com.feria.modelos.ProductoTest" time="0.001"/>
  <testcase name="restarStock_cantidadValida_restaCorrectamente" classname="com.feria.modelos.ProductoTest" time="0.001"/>
  <testcase name="hayStockBajo_stockIgualA5_retornaFalse" classname="com.feria.modelos.ProductoTest" time="0.001"/>
  <testcase name="restarStock_stockInsuficiente_lanzaExcepcion" classname="com.feria.modelos.ProductoTest" time="0.003"/>
  <testcase name="valorTotal_stockCero_retornaCero" classname="com.feria.modelos.ProductoTest" time="0.002"/>
  <testcase name="valorTotal_calculaCorrecto" classname="com.feria.modelos.ProductoTest" time="0.001"/>
</testsuite>